C51 COMPILER V9.54   MAIN                                                                  03/19/2022 17:17:51 PAGE 1   


C51 COMPILER V9.54, COMPILATION OF MODULE MAIN
OBJECT MODULE PLACED IN .\Objects\main.obj
COMPILER INVOKED BY: I:\Keilv5\C51\BIN\C51.EXE main.c OPTIMIZE(8,SPEED) BROWSE DEBUG OBJECTEXTEND PRINT(.\Listings\main.
                    -lst) TABS(2) OBJECT(.\Objects\main.obj)

line level    source

   1          #include <REGX52.H>
   2          
   3          //定义一个数组：0-9个元素
   4          unsigned char NixieTable []={0x3F,0x06,0x5B,0x4F,0x66,0x6D,0x7D,0x07,0x7F,0x6F};
   5          
   6          void Nixie(unsigned char Location,Number)
   7          {
   8   1        switch(Location)//亮的是哪个数码管
   9   1        {
  10   2          case 1://亮LED8
  11   2            P2_2=1; P2_3=1;P2_4=1;break;
  12   2          case 2://亮LED7
  13   2            P2_2=1; P2_3=1;P2_4=0;break;
  14   2          case 3://亮LED6
  15   2            P2_2=1; P2_3=0;P2_4=1;break;
  16   2          case 4://亮LED5
  17   2            P2_2=1; P2_3=0;P2_4=0;break;
  18   2          case 5://亮LED4
  19   2            P2_2=0; P2_3=1;P2_4=1;break;
  20   2          case 6://亮LED3
  21   2            P2_2=0; P2_3=1;P2_4=0;break;
  22   2          case 7://亮LED2
  23   2            P2_2=0; P2_3=0;P2_4=1;break;
  24   2          case 8://亮LED1
  25   2            P2_2=0; P2_3=0;P2_4=0;break;    
  26   2        }
  27   1          P0=NixieTable[Number];
  28   1      }
  29          
  30          void main()
  31          {
  32   1        Nixie(6,9);
  33   1        while(1)
  34   1        {
  35   2          
  36   2        }
  37   1      }


MODULE INFORMATION:   STATIC OVERLAYABLE
   CODE SIZE        =    110    ----
   CONSTANT SIZE    =   ----    ----
   XDATA SIZE       =   ----    ----
   PDATA SIZE       =   ----    ----
   DATA SIZE        =     10    ----
   IDATA SIZE       =   ----    ----
   BIT SIZE         =   ----    ----
END OF MODULE INFORMATION.


C51 COMPILATION COMPLETE.  0 WARNING(S),  0 ERROR(S)
