C51 COMPILER V9.54   MAIN                                                                  03/18/2022 21:39:09 PAGE 1   


C51 COMPILER V9.54, COMPILATION OF MODULE MAIN
OBJECT MODULE PLACED IN .\Objects\main.obj
COMPILER INVOKED BY: I:\Keilv5\C51\BIN\C51.EXE main.c OPTIMIZE(8,SPEED) BROWSE DEBUG OBJECTEXTEND PRINT(.\Listings\main.
                    -lst) TABS(2) OBJECT(.\Objects\main.obj)

line level    source

   1          #include <REGX52.H>
   2          
   3          void Delay(unsigned int xms)    //@12.000MHz 1ms
   4          {
   5   1        unsigned char i, j;
   6   1        while(xms)
   7   1        {
   8   2              i = 2;
   9   2            j = 239;
  10   2            do
  11   2            {
  12   3              while (--j);
  13   3            } while (--i);
  14   2            xms--;
  15   2        }
  16   1      }
  17          
  18          
  19          void main()
  20          {
  21   1        while(1)
  22   1        {
  23   2      //    P2_0=0;//点亮
  24   2      //    Delay(500);
  25   2      //    P2_0=1;//熄灭
  26   2      //    Delay(500);
  27   2          
  28   2          if(P3_1==0)//当按键按下
  29   2          {
  30   3            Delay(20);//消抖
  31   3            while(P3_1==0)//检测松手
  32   3            {
  33   4            }
  34   3            Delay(20);//消抖
  35   3            
  36   3            P2_0=~P2_0;//按位取反
  37   3            
  38   3          }
  39   2        }
  40   1      }


MODULE INFORMATION:   STATIC OVERLAYABLE
   CODE SIZE        =     44    ----
   CONSTANT SIZE    =   ----    ----
   XDATA SIZE       =   ----    ----
   PDATA SIZE       =   ----    ----
   DATA SIZE        =   ----    ----
   IDATA SIZE       =   ----    ----
   BIT SIZE         =   ----    ----
END OF MODULE INFORMATION.


C51 COMPILATION COMPLETE.  0 WARNING(S),  0 ERROR(S)
