C51 COMPILER V9.54   MAIN                                                                  03/26/2022 16:17:46 PAGE 1   


C51 COMPILER V9.54, COMPILATION OF MODULE MAIN
OBJECT MODULE PLACED IN .\Objects\main.obj
COMPILER INVOKED BY: I:\Keilv5\C51\BIN\C51.EXE main.c OPTIMIZE(8,SPEED) BROWSE DEBUG OBJECTEXTEND PRINT(.\Listings\main.
                    -lst) TABS(2) OBJECT(.\Objects\main.obj)

line level    source

   1          #include <REGX51.H>
   2          #include "Delay.h"
   3          
   4          //74HC595
   5          sbit RCK=P3^5;//位声明P35RCLK
   6          sbit SCK=P3^6;//串行时钟P36SRCLK
   7          sbit SER=P3^4;//P34SER
   8          
   9          #define MATRIX_LED_PORT P0
  10          /**
  11            * @brief  74HC595写入一个字节
  12            * @param  要写入的字节
  13            * @param  |
  14            * @param  |
  15            * @retval 无
  16            */
  17          void _74HC595_WriteByte(unsigned char Byte)
  18          {
  19   1        //赋值
  20   1        unsigned char i;
  21   1        for(i=0;i<8;i++)
  22   1        {
  23   2            SER=Byte&(0x80>>i);//向右移动i位
  24   2            SCK=1;
  25   2            SCK=0;
  26   2        }
  27   1            RCK=1;//上升沿
  28   1            RCK=0;
  29   1        
  30   1      }
  31          /**
  32            * @brief  LED点阵屏显示一列数据
  33            * @param  coloum 要选择的列，范围0-7   0在最左边
  34            * @param  d
  35            * @param  |
  36            * @retval 无
  37            */
  38          void MatrixLED_ShowColumn(unsigned char Column,Data )
  39          {
  40   1        _74HC595_WriteByte(Data);
  41   1        MATRIX_LED_PORT=~(0x80>>Column);//0x80为1；当coloumn=0时，P0=0；当coloumn=1,p0=1;
  42   1        Delay(1);
  43   1        MATRIX_LED_PORT=0xFF;
  44   1      }
  45          
  46          void main ()
  47          {
  48   1          SCK=0;
  49   1          RCK=0;
  50   1        
  51   1          while(1)
  52   1        {
  53   2          MatrixLED_ShowColumn(0,0xFF);
  54   2          MatrixLED_ShowColumn(1,0x01);
C51 COMPILER V9.54   MAIN                                                                  03/26/2022 16:17:46 PAGE 2   

  55   2          MatrixLED_ShowColumn(2,0x42);
  56   2          MatrixLED_ShowColumn(3,0x7E);
  57   2          MatrixLED_ShowColumn(4,0x42);
  58   2      //    MatrixLED_ShowColumn(5,0xA9);
  59   2          MatrixLED_ShowColumn(6,0xFF);
  60   2          MatrixLED_ShowColumn(7,0x01);
  61   2       
  62   2      
  63   2        }   
  64   1      }


MODULE INFORMATION:   STATIC OVERLAYABLE
   CODE SIZE        =    148    ----
   CONSTANT SIZE    =   ----    ----
   XDATA SIZE       =   ----    ----
   PDATA SIZE       =   ----    ----
   DATA SIZE        =   ----    ----
   IDATA SIZE       =   ----    ----
   BIT SIZE         =   ----    ----
END OF MODULE INFORMATION.


C51 COMPILATION COMPLETE.  0 WARNING(S),  0 ERROR(S)
