C51 COMPILER V9.54   MAN                                                                   03/21/2022 21:44:27 PAGE 1   


C51 COMPILER V9.54, COMPILATION OF MODULE MAN
OBJECT MODULE PLACED IN .\Objects\man.obj
COMPILER INVOKED BY: I:\Keilv5\C51\BIN\C51.EXE man.c OPTIMIZE(8,SPEED) BROWSE DEBUG OBJECTEXTEND PRINT(.\Listings\man.ls
                    -t) TABS(2) OBJECT(.\Objects\man.obj)

line level    source

   1          #include <REGX52.H>
   2          #include "Delay.h"
   3          #include "LCD1602.H"
   4          #include "MatrixKey.h"
   5          
   6          unsigned char KeyNum=0;
   7          unsigned int Password;
   8          unsigned int count=0;
   9          
  10          void main()
  11          {
  12   1        while(1)
  13   1        {
  14   2          KeyNum = MatrixKey();//格式化
  15   2          LCD_ShowString(1,1,"Password:");//显示字符串Password:
  16   2          if(KeyNum!=0)
  17   2          {
  18   3            if(KeyNum<=10)//s1-s10按下，输入密码,超出的则无意义
  19   3            {
  20   4              if(count<4)//如果输入次数<4
  21   4              {
  22   5                Password*=10;//密码左移一位
  23   5                Password+=KeyNum%10;//（对10取余为0，1-9取余则不变）获取一位密码
  24   5                count++;//计次+1        
  25   5              }
  26   4              LCD_ShowNum(2,1,Password,4);  //更新显示      
  27   4            }
  28   3            if(KeyNum==11)//如果s11按键按下，确认
  29   3            {
  30   4              if(Password==1234)//如果密码等于正确密码，则显示ok
  31   4              {
  32   5                LCD_ShowString(1,14," ok");
  33   5                Password=0;//密码清零
  34   5                count=0;//计次清零
  35   5                LCD_ShowNum(2,1,Password,4);  //更新显示
  36   5              }
  37   4              else
  38   4              {
  39   5                LCD_ShowString(1,14,"err");//错误显示error
  40   5                Password=0;//密码清零
  41   5                count=0;//计次清零
  42   5                LCD_ShowNum(2,1,Password,4);  //更新显示
  43   5              }
  44   4            }
  45   3            if(KeyNum==12)//如果s12按键按下，取消
  46   3            {
  47   4              Password=0;//密码清零
  48   4              count=0;//计次清零
  49   4              LCD_ShowNum(2,1,Password,4);  //更新显示
  50   4            }
  51   3          }
  52   2        }
  53   1      }

C51 COMPILER V9.54   MAN                                                                   03/21/2022 21:44:27 PAGE 2   


MODULE INFORMATION:   STATIC OVERLAYABLE
   CODE SIZE        =    186    ----
   CONSTANT SIZE    =     18    ----
   XDATA SIZE       =   ----    ----
   PDATA SIZE       =   ----    ----
   DATA SIZE        =      5    ----
   IDATA SIZE       =   ----    ----
   BIT SIZE         =   ----    ----
END OF MODULE INFORMATION.


C51 COMPILATION COMPLETE.  0 WARNING(S),  0 ERROR(S)
