C51 COMPILER V9.54   BUZZER                                                                04/02/2022 15:56:15 PAGE 1   


C51 COMPILER V9.54, COMPILATION OF MODULE BUZZER
OBJECT MODULE PLACED IN .\Objects\Buzzer.obj
COMPILER INVOKED BY: I:\Keilv5\C51\BIN\C51.EXE Buzzer.c OPTIMIZE(8,SPEED) BROWSE DEBUG OBJECTEXTEND PRINT(.\Listings\Buz
                    -zer.lst) TABS(2) OBJECT(.\Objects\Buzzer.obj)

line level    source

   1          #include <REGX52.H>
   2          #include <INTRINS.H>
   3          
   4          //Х°┌И╦ёЕ≥╗Г╚╞Е▐ё
   5          sbit Buzzer=P1^5;
   6          unsigned int i;
   7          /**
   8            * @brief  Х°┌И╦ёЕ≥╗Г╖│Ф°┴Е╩╤Ф≈╤Е┤╫Ф∙╟О╪▄Е╩╤Ф≈╤500us
   9            * @param  |
  10            * @param  |
  11            * @param  |
  12            * @retval Ф≈═
  13            */
  14          void Buzzer_Delay500us()    //@12.000MHz
  15          {
  16   1        unsigned char i;
  17   1      
  18   1        _nop_();
  19   1        i = 247;
  20   1        while (--i);
  21   1      }
  22          
  23          /**
  24            * @brief  Х°┌И╦ёЕ≥╗Е▐▒Г■÷О╪▄
  25            * @param  Ф╞╚Г╖▓ms Е▐▒Г■÷Г └Ф≈╤И≈╢Ф≈╤И∙©
  26            * @param  |
  27            * @param  |
  28            * @retval нч
  29            */
  30          void Buzzer_Time(unsigned int ms)
  31          {
  32   1        for(i=0;i<ms*2;i++)
  33   1            {
  34   2              Buzzer=!Buzzer;
  35   2              uzzer_Delay500us();
*** WARNING C206 IN LINE 35 OF Buzzer.c: 'uzzer_Delay500us': missing function-prototype
  36   2          }
  37   1      }


MODULE INFORMATION:   STATIC OVERLAYABLE
   CODE SIZE        =     49    ----
   CONSTANT SIZE    =   ----    ----
   XDATA SIZE       =   ----    ----
   PDATA SIZE       =   ----    ----
   DATA SIZE        =      2       2
   IDATA SIZE       =   ----    ----
   BIT SIZE         =   ----    ----
END OF MODULE INFORMATION.


C51 COMPILATION COMPLETE.  1 WARNING(S),  0 ERROR(S)
