C51 COMPILER V9.54   NIXIE                                                                 04/02/2022 15:39:04 PAGE 1   


C51 COMPILER V9.54, COMPILATION OF MODULE NIXIE
OBJECT MODULE PLACED IN .\Objects\Nixie.obj
COMPILER INVOKED BY: I:\Keilv5\C51\BIN\C51.EXE Nixie.c OPTIMIZE(8,SPEED) BROWSE DEBUG OBJECTEXTEND PRINT(.\Listings\Nixi
                    -e.lst) TABS(2) OBJECT(.\Objects\Nixie.obj)

line level    source

   1          #include <REGX52.H>
   2          #include "Delay.h"
   3          
   4          //定义一个数组：0-9个元素
   5          unsigned char NixieTable []={0x3F,0x06,0x5B,0x4F,0x66,0x6D,0x7D,0x07,0x7F,0x6F};
   6          
   7          //定义一个数码管函数
   8          void Nixie(unsigned char Location,Number)
   9          {
  10   1        switch(Location)//亮的是哪个数码管
  11   1        {
  12   2          case 1://亮LED8
  13   2            P2_2=1; P2_3=1;P2_4=1;break;
  14   2          case 2://亮LED7
  15   2            P2_2=1; P2_3=1;P2_4=0;break;
  16   2          case 3://亮LED6
  17   2            P2_2=1; P2_3=0;P2_4=1;break;
  18   2          case 4://亮LED5
  19   2            P2_2=1; P2_3=0;P2_4=0;break;
  20   2          case 5://亮LED4
  21   2            P2_2=0; P2_3=1;P2_4=1;break;
  22   2          case 6://亮LED3
  23   2            P2_2=0; P2_3=1;P2_4=0;break;
  24   2          case 7://亮LED2
  25   2            P2_2=0; P2_3=0;P2_4=1;break;
  26   2          case 8://亮LED1
  27   2            P2_2=0; P2_3=0;P2_4=0;break;    
  28   2        }
  29   1          P0=NixieTable[Number];
  30   1          //消影  
  31   1      //    Delay(1);
  32   1      //    P0=0x00;
  33   1      }


MODULE INFORMATION:   STATIC OVERLAYABLE
   CODE SIZE        =     99    ----
   CONSTANT SIZE    =   ----    ----
   XDATA SIZE       =   ----    ----
   PDATA SIZE       =   ----    ----
   DATA SIZE        =     10    ----
   IDATA SIZE       =   ----    ----
   BIT SIZE         =   ----    ----
END OF MODULE INFORMATION.


C51 COMPILATION COMPLETE.  0 WARNING(S),  0 ERROR(S)
