C51 COMPILER V9.54   MATRIXKEY                                                             03/21/2022 21:00:51 PAGE 1   


C51 COMPILER V9.54, COMPILATION OF MODULE MATRIXKEY
OBJECT MODULE PLACED IN .\Objects\MatrixKey.obj
COMPILER INVOKED BY: I:\Keilv5\C51\BIN\C51.EXE MatrixKey.c OPTIMIZE(8,SPEED) BROWSE DEBUG OBJECTEXTEND PRINT(.\Listings\
                    -MatrixKey.lst) TABS(2) OBJECT(.\Objects\MatrixKey.obj)

line level    source

   1          #include <REGX52.H>
   2          #include "Delay.h"
   3          
   4          //矩阵键盘函数,按列扫描
   5          unsigned char MatrixKey()//有返回值无参数
   6          {
   7   1        unsigned char KeyNumber=0;
   8   1        
   9   1        P1=0xFF;//将P1接口的都设置为1高电平
  10   1        P1_3=0;
  11   1        if(P1_7==0)//S1的检测
  12   1          {
  13   2            Delay(20);//消抖 
  14   2            while(P1_7==0);//检测松手，如果还是按下的就一直循环
  15   2            Delay(20);//消抖
  16   2            KeyNumber=1;  
  17   2            }
  18   1        if(P1_6==0)//S5的检测
  19   1          {
  20   2            Delay(20);//消抖 
  21   2            while(P1_7==0);//检测松手，如果还是按下的就一直循环
  22   2            Delay(20);//消抖
  23   2            KeyNumber=5;  
  24   2            }
  25   1        if(P1_5==0)//S9的检测
  26   1          {
  27   2            Delay(20);//消抖 
  28   2            while(P1_7==0);//检测松手，如果还是按下的就一直循环
  29   2            Delay(20);//消抖
  30   2            KeyNumber=9;  
  31   2            }
  32   1        if(P1_4==0)//S13的检测
  33   1          {
  34   2            Delay(20);//消抖 
  35   2            while(P1_7==0);//检测松手，如果还是按下的就一直循环
  36   2            Delay(20);//消抖
  37   2            KeyNumber=13; 
  38   2            }   
  39   1          
  40   1      P1=0xFF;//将P1接口的都设置为1高电平
  41   1        P1_2=0;
  42   1        if(P1_7==0)//S2的检测
  43   1          {
  44   2            Delay(20);//消抖 
  45   2            while(P1_7==0);//检测松手，如果还是按下的就一直循环
  46   2            Delay(20);//消抖
  47   2            KeyNumber=2;  
  48   2            }
  49   1        if(P1_6==0)//S6的检测
  50   1          {
  51   2            Delay(20);//消抖 
  52   2            while(P1_7==0);//检测松手，如果还是按下的就一直循环
  53   2            Delay(20);//消抖
  54   2            KeyNumber=6;  
C51 COMPILER V9.54   MATRIXKEY                                                             03/21/2022 21:00:51 PAGE 2   

  55   2            }
  56   1        if(P1_5==0)//S10的检测
  57   1          {
  58   2            Delay(20);//消抖 
  59   2            while(P1_7==0);//检测松手，如果还是按下的就一直循环
  60   2            Delay(20);//消抖
  61   2            KeyNumber=10; 
  62   2            }
  63   1        if(P1_4==0)//S14的检测
  64   1          {
  65   2            Delay(20);//消抖 
  66   2            while(P1_7==0);//检测松手，如果还是按下的就一直循环
  67   2            Delay(20);//消抖
  68   2            KeyNumber=14; 
  69   2            }
  70   1      
  71   1      P1=0xFF;//将P1接口的都设置为1高电平
  72   1        P1_2=0;
  73   1        if(P1_7==0)//S3的检测
  74   1          {
  75   2            Delay(20);//消抖 
  76   2            while(P1_7==0);//检测松手，如果还是按下的就一直循环
  77   2            Delay(20);//消抖
  78   2            KeyNumber=3;  
  79   2            }
  80   1        if(P1_6==0)//S7的检测
  81   1          {
  82   2            Delay(20);//消抖 
  83   2            while(P1_7==0);//检测松手，如果还是按下的就一直循环
  84   2            Delay(20);//消抖
  85   2            KeyNumber=7;  
  86   2            }
  87   1        if(P1_5==0)//S11的检测
  88   1          {
  89   2            Delay(20);//消抖 
  90   2            while(P1_7==0);//检测松手，如果还是按下的就一直循环
  91   2            Delay(20);//消抖
  92   2            KeyNumber=11; 
  93   2            }
  94   1        if(P1_4==0)//S15的检测
  95   1          {
  96   2            Delay(20);//消抖 
  97   2            while(P1_7==0);//检测松手，如果还是按下的就一直循环
  98   2            Delay(20);//消抖
  99   2            KeyNumber=15; 
 100   2            }
 101   1      
 102   1      P1=0xFF;//将P1接口的都设置为1高电平
 103   1        P1_0=0;
 104   1        if(P1_7==0)//S4的检测
 105   1          {
 106   2            Delay(20);//消抖 
 107   2            while(P1_7==0);//检测松手，如果还是按下的就一直循环
 108   2            Delay(20);//消抖
 109   2            KeyNumber=4;  
 110   2            }
 111   1        if(P1_6==0)//S8的检测
 112   1          {
 113   2            Delay(20);//消抖 
 114   2            while(P1_7==0);//检测松手，如果还是按下的就一直循环
 115   2            Delay(20);//消抖
 116   2            KeyNumber=8;  
C51 COMPILER V9.54   MATRIXKEY                                                             03/21/2022 21:00:51 PAGE 3   

 117   2            }
 118   1        if(P1_5==0)//S12的检测
 119   1          {
 120   2            Delay(20);//消抖 
 121   2            while(P1_7==0);//检测松手，如果还是按下的就一直循环
 122   2            Delay(20);//消抖
 123   2            KeyNumber=12; 
 124   2            }
 125   1        if(P1_4==0)//S16的检测
 126   1          {
 127   2            Delay(20);//消抖 
 128   2            while(P1_7==0);//检测松手，如果还是按下的就一直循环
 129   2            Delay(20);//消抖
 130   2            KeyNumber=16; 
 131   2            }     
 132   1        return KeyNumber;
 133   1      }


MODULE INFORMATION:   STATIC OVERLAYABLE
   CODE SIZE        =    393    ----
   CONSTANT SIZE    =   ----    ----
   XDATA SIZE       =   ----    ----
   PDATA SIZE       =   ----    ----
   DATA SIZE        =   ----       1
   IDATA SIZE       =   ----    ----
   BIT SIZE         =   ----    ----
END OF MODULE INFORMATION.


C51 COMPILATION COMPLETE.  0 WARNING(S),  0 ERROR(S)
