C51 COMPILER V9.54   DS1302                                                                03/28/2022 22:17:41 PAGE 1   


C51 COMPILER V9.54, COMPILATION OF MODULE DS1302
OBJECT MODULE PLACED IN .\Objects\DS1302.obj
COMPILER INVOKED BY: I:\Keilv5\C51\BIN\C51.EXE DS1302.c OPTIMIZE(8,SPEED) BROWSE DEBUG OBJECTEXTEND PRINT(.\Listings\DS1
                    -302.lst) TABS(2) OBJECT(.\Objects\DS1302.obj)

line level    source

   1          #include <REGX52.H>
   2          
   3          //定义引脚
   4          sbit DS1302_SCLK=P3^6;
   5          sbit DS1302_IO=P3^4;
   6          sbit DS1302_CE=P3^5;
   7          
   8          #define DS1302_SECOND 0x80
   9          #define DS1302_MINUTE 0x82
  10          #define DS1302_HOUR 0x84
  11          #define DS1302_DATE 0x86
  12          #define DS1302_MONTH 0x88
  13          #define DS1302_DAY 0x8A
  14          #define DS1302_YEAR 0x8C
  15          #define DS1302_WP 0x8E
  16          
  17          
  18          
  19          
  20          unsigned char DS1302_Time[]={19,11,16,12,59,55,6};
  21          
  22          //初始化
  23          void DS1302_Init(void)
  24          {
  25   1        DS1302_CE=0;
  26   1        DS1302_SCLK=0;
  27   1        
  28   1      }
  29          
  30          //单字节写，无返回值
  31          void DS1302_WriteByte(unsigned char Command,Data)
  32          {
  33   1        unsigned char i;
  34   1        DS1302_CE=1;
  35   1        
  36   1        for(i=0;i<8;i++)
  37   1        {
  38   2          DS1302_IO=Command&(0x01<<i);//把第i位取出来 0000 0001
  39   2          DS1302_SCLK=1;
  40   2          DS1302_SCLK=0;
  41   2        }
  42   1        for(i=0;i<8;i++)
  43   1        {
  44   2          DS1302_IO=Data&(0x01<<i);//把第i位取出来 0000 0001
  45   2          DS1302_SCLK=1;
  46   2          DS1302_SCLK=0;
  47   2        }
  48   1        
  49   1        DS1302_CE=0;
  50   1      }
  51          
  52          //单字节读，有返回值
  53          unsigned char DS1302_ReadByte(unsigned char Command)
  54          {
C51 COMPILER V9.54   DS1302                                                                03/28/2022 22:17:41 PAGE 2   

  55   1        unsigned char i,Data=0x00;
  56   1        Command|=0x01;
  57   1        DS1302_CE=1;
  58   1        
  59   1        for(i=0;i<8;i++)
  60   1        {
  61   2          DS1302_IO=Command&(0x01<<i);//把第i位取出来 0000 0001
  62   2          DS1302_SCLK=0;
  63   2          DS1302_SCLK=1;
  64   2        }
  65   1        
  66   1        for(i=0;i<8;i++)
  67   1        {
  68   2          DS1302_SCLK=1;
  69   2          DS1302_SCLK=0;
  70   2          if(DS1302_IO){Data|=(0x01<<i);}// |是用来置i，&是用来清零
  71   2        }
  72   1        
  73   1        DS1302_CE=0;  
  74   1        DS1302_IO=0;
  75   1        return Data;
  76   1      }
  77          
  78          void DS1302_SetTime(void)
  79          {
  80   1        DS1302_WriteByte(DS1302_WP,0x00);//关闭写保护
  81   1        DS1302_WriteByte(DS1302_YEAR,DS1302_Time[0]/10*16+DS1302_Time[0]%10);
  82   1        DS1302_WriteByte(DS1302_MONTH,DS1302_Time[1]/10*16+DS1302_Time[1]%10);
  83   1        DS1302_WriteByte(DS1302_DATE,DS1302_Time[2]/10*16+DS1302_Time[2]%10);
  84   1        DS1302_WriteByte(DS1302_HOUR,DS1302_Time[3]/10*16+DS1302_Time[3]%10);
  85   1        DS1302_WriteByte(DS1302_MINUTE,DS1302_Time[4]/10*16+DS1302_Time[4]%10);
  86   1        DS1302_WriteByte(DS1302_SECOND,DS1302_Time[5]/10*16+DS1302_Time[5]%10);
  87   1        DS1302_WriteByte(DS1302_DAY,DS1302_Time[6]/10*16+DS1302_Time[6]%10);
  88   1        DS1302_WriteByte(DS1302_WP,0x80);//打开写保护
  89   1      }
  90          
  91          void DS1302_ReadTime(void)
  92          {
  93   1        unsigned char Temple;
  94   1        
  95   1        Temple=DS1302_ReadByte(DS1302_YEAR);
  96   1        DS1302_Time[0]=Temple%16*10+Temple%16;//读年 
  97   1        Temple=DS1302_ReadByte(DS1302_MONTH);
  98   1        DS1302_Time[1]=Temple%16*10+Temple%16;
  99   1        Temple=DS1302_ReadByte(DS1302_DATE);
 100   1        DS1302_Time[2]=Temple%16*10+Temple%16;
 101   1        Temple=DS1302_ReadByte(DS1302_HOUR);
 102   1        DS1302_Time[3]=Temple%16*10+Temple%16;
 103   1        Temple=DS1302_ReadByte(DS1302_MINUTE);
 104   1        DS1302_Time[4]=Temple%16*10+Temple%16;
 105   1        Temple=DS1302_ReadByte(DS1302_SECOND);
 106   1        DS1302_Time[5]=Temple%16*10+Temple%16;
 107   1        Temple=DS1302_ReadByte(DS1302_DAY);
 108   1        DS1302_Time[6]=Temple%16*10+Temple%16;
 109   1      }


MODULE INFORMATION:   STATIC OVERLAYABLE
   CODE SIZE        =    523    ----
   CONSTANT SIZE    =   ----    ----
   XDATA SIZE       =   ----    ----
   PDATA SIZE       =   ----    ----
C51 COMPILER V9.54   DS1302                                                                03/28/2022 22:17:41 PAGE 3   

   DATA SIZE        =      7       2
   IDATA SIZE       =   ----    ----
   BIT SIZE         =   ----    ----
END OF MODULE INFORMATION.


C51 COMPILATION COMPLETE.  0 WARNING(S),  0 ERROR(S)
