C51 COMPILER V9.54   MAIN                                                                  03/22/2022 20:25:30 PAGE 1   


C51 COMPILER V9.54, COMPILATION OF MODULE MAIN
OBJECT MODULE PLACED IN .\Objects\main.obj
COMPILER INVOKED BY: I:\Keilv5\C51\BIN\C51.EXE main.c OPTIMIZE(8,SPEED) BROWSE DEBUG OBJECTEXTEND PRINT(.\Listings\main.
                    -lst) TABS(2) OBJECT(.\Objects\main.obj)

line level    source

   1          #include <REGX52.H>
   2          #include "Delay.h"
   3          #include "LCD1602.h"
   4          #include "Timer0.h"
   5          
   6          unsigned char Sec,Min,Hour;
   7          
   8          void main ()
   9          {
  10   1        LCD_Init();//LCD初始化
  11   1        Timer0Init();//Timer0初始化
  12   1        LCD_ShowString(1,1,"LOCK");
  13   1        LCD_ShowString(2,1,"  :  :");
  14   1      
  15   1          while(1)
  16   1          {
  17   2            LCD_ShowNum(2,1,Hour,2);
  18   2            LCD_ShowNum(2,4,Min,2);
  19   2            LCD_ShowNum(2,7,Sec,2);
  20   2          }   
  21   1      }
  22          //中断函数
  23          void Timer0_Routine() interrupt 1
  24          {
  25   1        static unsigned int T0Count;//局部静态变量，程序结束之后该变量继续保存
  26   1        T0Count++;
  27   1        //重新赋初值
  28   1        TH0=64535/256;//高位
  29   1        TL0=64535%256;//低位
  30   1        
  31   1        if(T0Count>=1000)
  32   1        {
  33   2          T0Count=0;//清零
  34   2      //    P2_0=0;//验证中断是否执行，如果已经中断则LED1会亮
  35   2      //    P2_0=~P2_0;//取反，LED1闪烁
  36   2          Sec++;//每隔一秒++
  37   2          if(Sec>=60)
  38   2          {
  39   3            Sec=0;
  40   3            Min++;
  41   3            if(Min>=60)
  42   3            {
  43   4              Min=0;
  44   4              Hour++;
  45   4              if(Hour>=24)
  46   4              {
  47   5                Hour=0;
  48   5              }
  49   4            }
  50   3          }
  51   2          
  52   2        }
  53   1      
  54   1      }
C51 COMPILER V9.54   MAIN                                                                  03/22/2022 20:25:30 PAGE 2   



MODULE INFORMATION:   STATIC OVERLAYABLE
   CODE SIZE        =    152    ----
   CONSTANT SIZE    =     12    ----
   XDATA SIZE       =   ----    ----
   PDATA SIZE       =   ----    ----
   DATA SIZE        =      5    ----
   IDATA SIZE       =   ----    ----
   BIT SIZE         =   ----    ----
END OF MODULE INFORMATION.


C51 COMPILATION COMPLETE.  0 WARNING(S),  0 ERROR(S)
