C51 COMPILER V9.54   MAIN                                                                  03/22/2022 20:11:42 PAGE 1   


C51 COMPILER V9.54, COMPILATION OF MODULE MAIN
OBJECT MODULE PLACED IN .\Objects\main.obj
COMPILER INVOKED BY: I:\Keilv5\C51\BIN\C51.EXE main.c OPTIMIZE(8,SPEED) BROWSE DEBUG OBJECTEXTEND PRINT(.\Listings\main.
                    -lst) TABS(2) OBJECT(.\Objects\main.obj)

line level    source

   1          #include <REGX52.H>
   2          #include "Timer0.h"
   3          #include "Key.h"
   4          #include <INTRINS.h> //cror/crol：循环右移/左移
   5          
   6          unsigned char KeyNum,LEDMode;
   7          
   8          void main()
   9          {
  10   1          Timer0Init();//定时器初始化
  11   1          while(1)
  12   1        {
  13   2            KeyNum=Key();
  14   2            if(KeyNum)
  15   2            {
  16   3      //        if(KeyNum==1)P3_1=~P3_1;//如果为1，则第一个LED闪烁
  17   3      //        if(KeyNum==2)P3_2=~P3_2;//如果为2，则第一个LED闪烁
  18   3      //        if(KeyNum==3)P3_3=~P3_3;//如果为3，则第一个LED闪烁
  19   3      //        if(KeyNum==4)P3_4=~P3_4;//如果为4，则第一个LED闪烁
  20   3              if(KeyNum==1)
  21   3              {
  22   4                LEDMode++;
  23   4                if(KeyNum>=2)LEDMode=0;
  24   4              }
  25   3            }
  26   2            
  27   2        }   
  28   1      }
  29          
  30          //定时器
  31          void Timer0_Routine() interrupt 1
  32          {
  33   1        static unsigned int T0Count;//局部静态变量，程序结束之后该变量继续保存
  34   1        T0Count++;
  35   1        //重新赋初值
  36   1        TH0=64535/256;//高位
  37   1        TL0=64535%256;//低位
  38   1        
  39   1        if(T0Count>=500)
  40   1        {
  41   2          T0Count=0;//清零
  42   2      //    P2_0=0;//验证中断是否执行，如果已经中断则LED1会亮
  43   2      //    P2_0=~P2_0;//取反，LED1闪烁
  44   2          if(LEDMode==0)
  45   2          {
  46   3            P2=_crol_(P2,1);//左移1位
  47   3          }
  48   2          if(LEDMode==1)
  49   2          {
  50   3            P2=_cror_(P2,1);//右移1位
  51   3          }
  52   2        }
  53   1      
  54   1      }
C51 COMPILER V9.54   MAIN                                                                  03/22/2022 20:11:42 PAGE 2   



MODULE INFORMATION:   STATIC OVERLAYABLE
   CODE SIZE        =    113    ----
   CONSTANT SIZE    =   ----    ----
   XDATA SIZE       =   ----    ----
   PDATA SIZE       =   ----    ----
   DATA SIZE        =      4    ----
   IDATA SIZE       =   ----    ----
   BIT SIZE         =   ----    ----
END OF MODULE INFORMATION.


C51 COMPILATION COMPLETE.  0 WARNING(S),  0 ERROR(S)
