C51 COMPILER V9.54   TIMER0                                                                03/22/2022 19:39:48 PAGE 1   


C51 COMPILER V9.54, COMPILATION OF MODULE TIMER0
OBJECT MODULE PLACED IN .\Objects\Timer0.obj
COMPILER INVOKED BY: I:\Keilv5\C51\BIN\C51.EXE Timer0.c OPTIMIZE(8,SPEED) BROWSE DEBUG OBJECTEXTEND PRINT(.\Listings\Tim
                    -er0.lst) TABS(2) OBJECT(.\Objects\Timer0.obj)

line level    source

   1          #include <REGX52.H>
   2          
   3          /**
   4            * @brief  定时器
   5            * @param  |
   6            * @param  |
   7            * @param  |
   8            * @retval 无
   9            */
  10          void Timer0Init()
  11          {
  12   1      //  TMOD=0x01;//0000 0001
  13   1        TMOD=TMOD&0xF0;//把TMOD的低四位清零，高四位不变；在高四位 1&任何一个数=1   低四位0&任何一个数=0
  14   1        TMOD=TMOD&0xF1;//把TMOD的最低位置1，高四位不变
  15   1        TF0=0;
  16   1        TR0=1;
  17   1        TH0=64535/256;//高位
  18   1        TL0=64535%256;//低位
  19   1        ET0=1;//允许中断
  20   1        EA=1;//允许中断
  21   1        PT0=0;//低优先级
  22   1      }
  23          
  24          /*定时器中断函数模板
  25          void Timer0_Routine() interrupt 1
  26          {
  27            static unsigned int T0Count;//局部静态变量，程序结束之后该变量继续保存
  28            T0Count++;
  29            //重新赋初值
  30            TH0=64535/256;//高位
  31            TL0=64535%256;//低位
  32            
  33            if(T0Count>=1000)
  34            {
  35              T0Count=0;//清零
  36          //    P2_0=0;//验证中断是否执行，如果已经中断则LED1会亮
  37              P2_0=~P2_0;//取反，LED1闪烁
  38            }
  39          
  40          }
  41          
  42          */


MODULE INFORMATION:   STATIC OVERLAYABLE
   CODE SIZE        =     23    ----
   CONSTANT SIZE    =   ----    ----
   XDATA SIZE       =   ----    ----
   PDATA SIZE       =   ----    ----
   DATA SIZE        =   ----    ----
   IDATA SIZE       =   ----    ----
   BIT SIZE         =   ----    ----
END OF MODULE INFORMATION.


C51 COMPILATION COMPLETE.  0 WARNING(S),  0 ERROR(S)
