C51 COMPILER V9.54   MAIN                                                                  03/19/2022 17:35:27 PAGE 1   


C51 COMPILER V9.54, COMPILATION OF MODULE MAIN
OBJECT MODULE PLACED IN .\Objects\main.obj
COMPILER INVOKED BY: I:\Keilv5\C51\BIN\C51.EXE main.c OPTIMIZE(8,SPEED) BROWSE DEBUG OBJECTEXTEND PRINT(.\Listings\main.
                    -lst) TABS(2) OBJECT(.\Objects\main.obj)

line level    source

   1          #include <REGX52.H>
   2          
   3          //延时函数
   4          void Delay(unsigned int xms)    //@12.000MHz 1ms
   5          {
   6   1        unsigned char i, j;
   7   1        while(xms)
   8   1        {
   9   2              i = 2;
  10   2            j = 239;
  11   2            do
  12   2            {
  13   3              while (--j);
  14   3            } while (--i);
  15   2            xms--;
  16   2        }
  17   1      }
  18          //定义一个数组：0-9个元素
  19          unsigned char NixieTable []={0x3F,0x06,0x5B,0x4F,0x66,0x6D,0x7D,0x07,0x7F,0x6F};
  20          //定义一个数码管函数
  21          void Nixie(unsigned char Location,Number)
  22          {
  23   1        switch(Location)//亮的是哪个数码管
  24   1        {
  25   2          case 1://亮LED8
  26   2            P2_2=1; P2_3=1;P2_4=1;break;
  27   2          case 2://亮LED7
  28   2            P2_2=1; P2_3=1;P2_4=0;break;
  29   2          case 3://亮LED6
  30   2            P2_2=1; P2_3=0;P2_4=1;break;
  31   2          case 4://亮LED5
  32   2            P2_2=1; P2_3=0;P2_4=0;break;
  33   2          case 5://亮LED4
  34   2            P2_2=0; P2_3=1;P2_4=1;break;
  35   2          case 6://亮LED3
  36   2            P2_2=0; P2_3=1;P2_4=0;break;
  37   2          case 7://亮LED2
  38   2            P2_2=0; P2_3=0;P2_4=1;break;
  39   2          case 8://亮LED1
  40   2            P2_2=0; P2_3=0;P2_4=0;break;    
  41   2        }
  42   1          P0=NixieTable[Number];
  43   1          //消影  
  44   1          Delay(1);
  45   1          P0=0x00;
  46   1      }
  47          
  48          
  49          
  50          void main()
  51          {
  52   1      
  53   1        while(1)
  54   1        {
C51 COMPILER V9.54   MAIN                                                                  03/19/2022 17:35:27 PAGE 2   

  55   2          Nixie(1,0);
  56   2      //    Delay(20);
  57   2          Nixie(2,1);
  58   2      //    Delay(20);
  59   2          Nixie(3,2); 
  60   2      //    Delay(20);
  61   2        }
  62   1      }


MODULE INFORMATION:   STATIC OVERLAYABLE
   CODE SIZE        =    157    ----
   CONSTANT SIZE    =   ----    ----
   XDATA SIZE       =   ----    ----
   PDATA SIZE       =   ----    ----
   DATA SIZE        =     10    ----
   IDATA SIZE       =   ----    ----
   BIT SIZE         =   ----    ----
END OF MODULE INFORMATION.


C51 COMPILATION COMPLETE.  0 WARNING(S),  0 ERROR(S)
