C51 COMPILER V9.54   MAIN                                                                  03/26/2022 17:03:35 PAGE 1   


C51 COMPILER V9.54, COMPILATION OF MODULE MAIN
OBJECT MODULE PLACED IN .\Objects\main.obj
COMPILER INVOKED BY: I:\Keilv5\C51\BIN\C51.EXE main.c OPTIMIZE(8,SPEED) BROWSE DEBUG OBJECTEXTEND PRINT(.\Listings\main.
                    -lst) TABS(2) OBJECT(.\Objects\main.obj)

line level    source

   1          #include <REGX52.H>
   2          #include "MatrixLED.h"
   3          
   4          unsigned char Animation[]={
   5            0x3E,0x20,0x3C,0x20,0x3E,0x00,0x1F,0x24,0x24,0x1F,0x00,0x3F,0x24,0x26,0x3D,0x00,
   6          0x3F,0x24,0x26,0x3D,0x00,0x39,0x09,0x3F,0x00,0x00,0x00,0x7C,0x40,0x78,0x40,0x7C,
   7          0x00,0x7C,0x54,0x54,0x00,0x00,0xF4,0x00,0x00,0x00,0x00,0x00,0x00,0x00};
   8          //74HC595
   9          sbit RCK=P3^5;//位声明P35RCLK
  10          sbit SCK=P3^6;//串行时钟P36SRCLK
  11          sbit SER=P3^4;//P34SER
  12          
  13          
  14          void main ()
  15          {
  16   1          unsigned char j,offset=1,Count;//偏移量offset  计次count
  17   1          SCK=0;
  18   1          RCK=0;//初始化
  19   1          
  20   1      
  21   1          while(1)
  22   1        {// L I L
  23   2          for(j=0;j<8;j++)
  24   2          {
  25   3            MatrixLED_ShowColumn(j,Animation[j+offset]);
  26   3          }
  27   2          Count++;
  28   2          if(Count>30)//计次，变化时间
  29   2          {
  30   3            Count=0;
  31   3            offset++;//逐帧向右移动
  32   3      //      offset+=8;//动画效果，一张一张
  33   3            if(offset>40)//40-8
  34   3            {
  35   4              offset=0;
  36   4            }
  37   3          }
  38   2      
  39   2        }   
  40   1      }


MODULE INFORMATION:   STATIC OVERLAYABLE
   CODE SIZE        =     61    ----
   CONSTANT SIZE    =   ----    ----
   XDATA SIZE       =   ----    ----
   PDATA SIZE       =   ----    ----
   DATA SIZE        =     46       3
   IDATA SIZE       =   ----    ----
   BIT SIZE         =   ----    ----
END OF MODULE INFORMATION.


C51 COMPILATION COMPLETE.  0 WARNING(S),  0 ERROR(S)
