C51 COMPILER V9.54   NIXIE                                                                 04/03/2022 21:32:06 PAGE 1   


C51 COMPILER V9.54, COMPILATION OF MODULE NIXIE
OBJECT MODULE PLACED IN .\Objects\Nixie.obj
COMPILER INVOKED BY: I:\Keilv5\C51\BIN\C51.EXE ..\5-1ƒ£øÈªØ±‡≥Ã\Nixie.c OPTIMIZE(8,SPEED) BROWSE DEBUG OBJECTEXTEND PRIN
                    -T(.\Listings\Nixie.lst) TABS(2) OBJECT(.\Objects\Nixie.obj)

line level    source

   1          #include <REGX52.H>
   2          #include "Delay.h"
   3          
   4          //ÂÆö‰πâ‰∏Ä‰∏™Êï∞ÁªÑÔºö0-9‰∏™ÂÖÉÁ¥†
   5          unsigned char NixieTable []={0x3F,0x06,0x5B,0x4F,0x66,0x6D,0x7D,0x07,0x7F,0x6F};
   6          
   7          //ÂÆö‰πâ‰∏Ä‰∏™Êï∞Á†ÅÁÆ°ÂáΩÊï∞
   8          void Nixie(unsigned char Location,Number)
   9          {
  10   1        switch(Location)//‰∫ÆÁöÑÊòØÂì™‰∏™Êï∞Á†ÅÁÆ°
  11   1        {
  12   2          case 1://‰∫ÆLED8
  13   2            P2_2=1; P2_3=1;P2_4=1;break;
  14   2          case 2://‰∫ÆLED7
  15   2            P2_2=1; P2_3=1;P2_4=0;break;
  16   2          case 3://‰∫ÆLED6
  17   2            P2_2=1; P2_3=0;P2_4=1;break;
  18   2          case 4://‰∫ÆLED5
  19   2            P2_2=1; P2_3=0;P2_4=0;break;
  20   2          case 5://‰∫ÆLED4
  21   2            P2_2=0; P2_3=1;P2_4=1;break;
  22   2          case 6://‰∫ÆLED3
  23   2            P2_2=0; P2_3=1;P2_4=0;break;
  24   2          case 7://‰∫ÆLED2
  25   2            P2_2=0; P2_3=0;P2_4=1;break;
  26   2          case 8://‰∫ÆLED1
  27   2            P2_2=0; P2_3=0;P2_4=0;break;    
  28   2        }
  29   1          P0=NixieTable[Number];
  30   1          //Ê∂àÂΩ±  
  31   1          Delay(1);
  32   1          P0=0x00;
  33   1      }


MODULE INFORMATION:   STATIC OVERLAYABLE
   CODE SIZE        =    109    ----
   CONSTANT SIZE    =   ----    ----
   XDATA SIZE       =   ----    ----
   PDATA SIZE       =   ----    ----
   DATA SIZE        =     10    ----
   IDATA SIZE       =   ----    ----
   BIT SIZE         =   ----    ----
END OF MODULE INFORMATION.


C51 COMPILATION COMPLETE.  0 WARNING(S),  0 ERROR(S)
